<?xml version="1.0" encoding="UTF-8"?>
<testng-results ignored="0" total="3" passed="3" failed="0" skipped="0">
  <reporter-output>
  </reporter-output>
  <suite started-at="2021-08-17T21:08:59 IST" name="Default suite" finished-at="2021-08-17T21:15:31 IST" duration-ms="391978">
    <groups>
      <group name="cucumber">
        <method signature="AbstractTestNGCucumberTests.runScenario(io.cucumber.testng.PickleWrapper,io.cucumber.testng.FeatureWrapper)[pri:0, instance:tests.Runner1smoketest@7d0b7e3c]" name="runScenario" class="io.cucumber.testng.AbstractTestNGCucumberTests"/>
      </group> <!-- cucumber -->
    </groups>
    <test started-at="2021-08-17T21:08:59 IST" name="Default test" finished-at="2021-08-17T21:15:31 IST" duration-ms="391978">
      <class name="tests.Runner1smoketest">
        <test-method is-config="true" signature="setUpClass()[pri:0, instance:tests.Runner1smoketest@7d0b7e3c]" started-at="2021-08-17T21:08:59 IST" name="setUpClass" finished-at="2021-08-17T21:09:02 IST" duration-ms="3231" status="PASS">
          <reporter-output>
          </reporter-output>
        </test-method> <!-- setUpClass -->
        <test-method signature="runScenario(io.cucumber.testng.PickleWrapper,io.cucumber.testng.FeatureWrapper)[pri:0, instance:tests.Runner1smoketest@7d0b7e3c]" started-at="2021-08-17T21:09:02 IST" name="runScenario" description="Runs Cucumber Scenarios" data-provider="scenarios" finished-at="2021-08-17T21:10:39 IST" duration-ms="96413" status="PASS">
          <params>
            <param index="0">
              <value>
                <![CDATA["Validate yahoo home page title"]]>
              </value>
            </param>
            <param index="1">
              <value>
                <![CDATA["Optional[Yahoo Login]"]]>
              </value>
            </param>
          </params>
          <reporter-output>
          </reporter-output>
        </test-method> <!-- runScenario -->
        <test-method signature="runScenario(io.cucumber.testng.PickleWrapper,io.cucumber.testng.FeatureWrapper)[pri:0, instance:tests.Runner1smoketest@7d0b7e3c]" started-at="2021-08-17T21:10:39 IST" name="runScenario" description="Runs Cucumber Scenarios" data-provider="scenarios" finished-at="2021-08-17T21:12:13 IST" duration-ms="94227" status="PASS">
          <params>
            <param index="0">
              <value>
                <![CDATA["validate login details"]]>
              </value>
            </param>
            <param index="1">
              <value>
                <![CDATA["Optional[Yahoo Login]"]]>
              </value>
            </param>
          </params>
          <reporter-output>
          </reporter-output>
        </test-method> <!-- runScenario -->
        <test-method signature="runScenario(io.cucumber.testng.PickleWrapper,io.cucumber.testng.FeatureWrapper)[pri:0, instance:tests.Runner1smoketest@7d0b7e3c]" started-at="2021-08-17T21:12:13 IST" name="runScenario" description="Runs Cucumber Scenarios" data-provider="scenarios" finished-at="2021-08-17T21:15:30 IST" duration-ms="197029" status="PASS">
          <params>
            <param index="0">
              <value>
                <![CDATA["validate yahoo compose mail"]]>
              </value>
            </param>
            <param index="1">
              <value>
                <![CDATA["Optional[validate compose]"]]>
              </value>
            </param>
          </params>
          <reporter-output>
          </reporter-output>
        </test-method> <!-- runScenario -->
        <test-method is-config="true" signature="tearDownClass()[pri:0, instance:tests.Runner1smoketest@7d0b7e3c]" started-at="2021-08-17T21:15:30 IST" name="tearDownClass" finished-at="2021-08-17T21:15:31 IST" duration-ms="570" status="PASS">
          <reporter-output>
          </reporter-output>
        </test-method> <!-- tearDownClass -->
      </class> <!-- tests.Runner1smoketest -->
    </test> <!-- Default test -->
  </suite> <!-- Default suite -->
</testng-results>
